<?xml version="1.0" encoding="UTF-8"?>
<!-- Generated by org.testng.reporters.JUnitReportReporter -->
<testsuite hostname="NASIB" failures="0" tests="5" name="com.qa.amazon.runner.TestRunner" time="144.109" errors="0" timestamp="14 Feb. 2023 20:27:33 GMT" skipped="0">
  <testcase classname="com.qa.amazon.runner.TestRunner" name="feature" time="19.552"/>
  <testcase classname="com.qa.amazon.runner.TestRunner" name="feature" time="15.767"/>
  <testcase classname="com.qa.amazon.runner.TestRunner" name="feature" time="40.577"/>
  <testcase classname="com.qa.amazon.runner.TestRunner" name="feature" time="39.550"/>
  <testcase classname="com.qa.amazon.runner.TestRunner" name="feature" time="28.663"/>
</testsuite> <!-- com.qa.amazon.runner.TestRunner -->
